DEBUG - 2026-01-21 02:52:51 --> Session: Class initialized using 'CodeIgniter\Session\Handlers\FileHandler' driver.
DEBUG - 2026-01-21 02:52:55 --> Session: Class initialized using 'CodeIgniter\Session\Handlers\FileHandler' driver.
DEBUG - 2026-01-21 02:52:56 --> Session: Class initialized using 'CodeIgniter\Session\Handlers\FileHandler' driver.
DEBUG - 2026-01-21 02:52:59 --> Session: Class initialized using 'CodeIgniter\Session\Handlers\FileHandler' driver.
DEBUG - 2026-01-21 02:53:02 --> Session: Class initialized using 'CodeIgniter\Session\Handlers\FileHandler' driver.
DEBUG - 2026-01-21 02:53:07 --> Session: Class initialized using 'CodeIgniter\Session\Handlers\FileHandler' driver.
DEBUG - 2026-01-21 02:53:10 --> Session: Class initialized using 'CodeIgniter\Session\Handlers\FileHandler' driver.
DEBUG - 2026-01-21 02:53:12 --> Session: Class initialized using 'CodeIgniter\Session\Handlers\FileHandler' driver.
DEBUG - 2026-01-21 02:53:22 --> Session: Class initialized using 'CodeIgniter\Session\Handlers\FileHandler' driver.
DEBUG - 2026-01-21 02:53:23 --> Session: Class initialized using 'CodeIgniter\Session\Handlers\FileHandler' driver.
DEBUG - 2026-01-21 02:53:30 --> Session: Class initialized using 'CodeIgniter\Session\Handlers\FileHandler' driver.
DEBUG - 2026-01-21 04:04:47 --> Session: Class initialized using 'CodeIgniter\Session\Handlers\FileHandler' driver.
DEBUG - 2026-01-21 04:04:53 --> Session: Class initialized using 'CodeIgniter\Session\Handlers\FileHandler' driver.
DEBUG - 2026-01-21 04:04:57 --> Session: Class initialized using 'CodeIgniter\Session\Handlers\FileHandler' driver.
DEBUG - 2026-01-21 04:05:39 --> Session: Class initialized using 'CodeIgniter\Session\Handlers\FileHandler' driver.
DEBUG - 2026-01-21 04:05:41 --> Session: Class initialized using 'CodeIgniter\Session\Handlers\FileHandler' driver.
DEBUG - 2026-01-21 04:05:55 --> Session: Class initialized using 'CodeIgniter\Session\Handlers\FileHandler' driver.
DEBUG - 2026-01-21 04:06:00 --> Session: Class initialized using 'CodeIgniter\Session\Handlers\FileHandler' driver.
DEBUG - 2026-01-21 04:07:18 --> Session: Class initialized using 'CodeIgniter\Session\Handlers\FileHandler' driver.
DEBUG - 2026-01-21 04:23:09 --> Session: Class initialized using 'CodeIgniter\Session\Handlers\FileHandler' driver.
DEBUG - 2026-01-21 04:23:09 --> Session: Class initialized using 'CodeIgniter\Session\Handlers\FileHandler' driver.
DEBUG - 2026-01-21 04:23:16 --> Session: Class initialized using 'CodeIgniter\Session\Handlers\FileHandler' driver.
DEBUG - 2026-01-21 04:23:16 --> Session: Class initialized using 'CodeIgniter\Session\Handlers\FileHandler' driver.
CRITICAL - 2026-01-21 04:23:16 --> ErrorException: Undefined array key "nama_lengkap"
[Method: GET, Route: siswa/dashboard]
in APPPATH\Views\siswa\dashboard.php on line 92.
 1 APPPATH\Views\siswa\dashboard.php(92): CodeIgniter\Debug\Exceptions->errorHandler(2, 'Undefined array key "nama_lengkap"', 'E:\\Website\\xampp-portable-windows-x64-8.2.0-0-VS16\\xampp\\htdocs\\student\\app\\Views\\siswa\\dashboard.php', 92)
 2 SYSTEMPATH\View\View.php(226): include('E:\\Website\\xampp-portable-windows-x64-8.2.0-0-VS16\\xampp\\htdocs\\student\\app\\Views\\siswa\\dashboard.php')
 3 SYSTEMPATH\View\View.php(229): CodeIgniter\View\View->CodeIgniter\View\{closure}()
 4 SYSTEMPATH\Common.php(1199): CodeIgniter\View\View->render('siswa/dashboard', [], true)
 5 APPPATH\Controllers\Siswa\Dashboard.php(64): view('siswa/dashboard', [...])
 6 SYSTEMPATH\CodeIgniter.php(933): App\Controllers\Siswa\Dashboard->index()
 7 SYSTEMPATH\CodeIgniter.php(507): CodeIgniter\CodeIgniter->runController(Object(App\Controllers\Siswa\Dashboard))
 8 SYSTEMPATH\CodeIgniter.php(354): CodeIgniter\CodeIgniter->handleRequest(null, Object(Config\Cache), false)
 9 SYSTEMPATH\Boot.php(363): CodeIgniter\CodeIgniter->run()
10 SYSTEMPATH\Boot.php(68): CodeIgniter\Boot::runCodeIgniter(Object(CodeIgniter\CodeIgniter))
11 FCPATH\index.php(59): CodeIgniter\Boot::bootWeb(Object(Config\Paths))
DEBUG - 2026-01-21 04:23:26 --> Session: Class initialized using 'CodeIgniter\Session\Handlers\FileHandler' driver.
DEBUG - 2026-01-21 04:23:26 --> Session: Class initialized using 'CodeIgniter\Session\Handlers\FileHandler' driver.
CRITICAL - 2026-01-21 04:23:26 --> ErrorException: Undefined array key "nama_lengkap"
[Method: GET, Route: siswa/dashboard]
in APPPATH\Views\siswa\dashboard.php on line 92.
 1 APPPATH\Views\siswa\dashboard.php(92): CodeIgniter\Debug\Exceptions->errorHandler(2, 'Undefined array key "nama_lengkap"', 'E:\\Website\\xampp-portable-windows-x64-8.2.0-0-VS16\\xampp\\htdocs\\student\\app\\Views\\siswa\\dashboard.php', 92)
 2 SYSTEMPATH\View\View.php(226): include('E:\\Website\\xampp-portable-windows-x64-8.2.0-0-VS16\\xampp\\htdocs\\student\\app\\Views\\siswa\\dashboard.php')
 3 SYSTEMPATH\View\View.php(229): CodeIgniter\View\View->CodeIgniter\View\{closure}()
 4 SYSTEMPATH\Common.php(1199): CodeIgniter\View\View->render('siswa/dashboard', [], true)
 5 APPPATH\Controllers\Siswa\Dashboard.php(64): view('siswa/dashboard', [...])
 6 SYSTEMPATH\CodeIgniter.php(933): App\Controllers\Siswa\Dashboard->index()
 7 SYSTEMPATH\CodeIgniter.php(507): CodeIgniter\CodeIgniter->runController(Object(App\Controllers\Siswa\Dashboard))
 8 SYSTEMPATH\CodeIgniter.php(354): CodeIgniter\CodeIgniter->handleRequest(null, Object(Config\Cache), false)
 9 SYSTEMPATH\Boot.php(363): CodeIgniter\CodeIgniter->run()
10 SYSTEMPATH\Boot.php(68): CodeIgniter\Boot::runCodeIgniter(Object(CodeIgniter\CodeIgniter))
11 FCPATH\index.php(59): CodeIgniter\Boot::bootWeb(Object(Config\Paths))
DEBUG - 2026-01-21 04:24:52 --> Session: Class initialized using 'CodeIgniter\Session\Handlers\FileHandler' driver.
CRITICAL - 2026-01-21 04:24:53 --> ErrorException: Undefined array key "nama_lengkap"
[Method: GET, Route: siswa/dashboard]
in APPPATH\Views\siswa\dashboard.php on line 92.
 1 APPPATH\Views\siswa\dashboard.php(92): CodeIgniter\Debug\Exceptions->errorHandler(2, 'Undefined array key "nama_lengkap"', 'E:\\Website\\xampp-portable-windows-x64-8.2.0-0-VS16\\xampp\\htdocs\\student\\app\\Views\\siswa\\dashboard.php', 92)
 2 SYSTEMPATH\View\View.php(226): include('E:\\Website\\xampp-portable-windows-x64-8.2.0-0-VS16\\xampp\\htdocs\\student\\app\\Views\\siswa\\dashboard.php')
 3 SYSTEMPATH\View\View.php(229): CodeIgniter\View\View->CodeIgniter\View\{closure}()
 4 SYSTEMPATH\Common.php(1199): CodeIgniter\View\View->render('siswa/dashboard', [], true)
 5 APPPATH\Controllers\Siswa\Dashboard.php(64): view('siswa/dashboard', [...])
 6 SYSTEMPATH\CodeIgniter.php(933): App\Controllers\Siswa\Dashboard->index()
 7 SYSTEMPATH\CodeIgniter.php(507): CodeIgniter\CodeIgniter->runController(Object(App\Controllers\Siswa\Dashboard))
 8 SYSTEMPATH\CodeIgniter.php(354): CodeIgniter\CodeIgniter->handleRequest(null, Object(Config\Cache), false)
 9 SYSTEMPATH\Boot.php(363): CodeIgniter\CodeIgniter->run()
10 SYSTEMPATH\Boot.php(68): CodeIgniter\Boot::runCodeIgniter(Object(CodeIgniter\CodeIgniter))
11 FCPATH\index.php(59): CodeIgniter\Boot::bootWeb(Object(Config\Paths))
DEBUG - 2026-01-21 04:24:55 --> Session: Class initialized using 'CodeIgniter\Session\Handlers\FileHandler' driver.
CRITICAL - 2026-01-21 04:24:55 --> ErrorException: Undefined array key "nama_lengkap"
[Method: GET, Route: siswa/dashboard]
in APPPATH\Views\siswa\dashboard.php on line 92.
 1 APPPATH\Views\siswa\dashboard.php(92): CodeIgniter\Debug\Exceptions->errorHandler(2, 'Undefined array key "nama_lengkap"', 'E:\\Website\\xampp-portable-windows-x64-8.2.0-0-VS16\\xampp\\htdocs\\student\\app\\Views\\siswa\\dashboard.php', 92)
 2 SYSTEMPATH\View\View.php(226): include('E:\\Website\\xampp-portable-windows-x64-8.2.0-0-VS16\\xampp\\htdocs\\student\\app\\Views\\siswa\\dashboard.php')
 3 SYSTEMPATH\View\View.php(229): CodeIgniter\View\View->CodeIgniter\View\{closure}()
 4 SYSTEMPATH\Common.php(1199): CodeIgniter\View\View->render('siswa/dashboard', [], true)
 5 APPPATH\Controllers\Siswa\Dashboard.php(64): view('siswa/dashboard', [...])
 6 SYSTEMPATH\CodeIgniter.php(933): App\Controllers\Siswa\Dashboard->index()
 7 SYSTEMPATH\CodeIgniter.php(507): CodeIgniter\CodeIgniter->runController(Object(App\Controllers\Siswa\Dashboard))
 8 SYSTEMPATH\CodeIgniter.php(354): CodeIgniter\CodeIgniter->handleRequest(null, Object(Config\Cache), false)
 9 SYSTEMPATH\Boot.php(363): CodeIgniter\CodeIgniter->run()
10 SYSTEMPATH\Boot.php(68): CodeIgniter\Boot::runCodeIgniter(Object(CodeIgniter\CodeIgniter))
11 FCPATH\index.php(59): CodeIgniter\Boot::bootWeb(Object(Config\Paths))
DEBUG - 2026-01-21 04:25:22 --> Session: Class initialized using 'CodeIgniter\Session\Handlers\FileHandler' driver.
DEBUG - 2026-01-21 04:25:49 --> Session: Class initialized using 'CodeIgniter\Session\Handlers\FileHandler' driver.
DEBUG - 2026-01-21 04:26:04 --> Session: Class initialized using 'CodeIgniter\Session\Handlers\FileHandler' driver.
DEBUG - 2026-01-21 04:26:04 --> Session: Class initialized using 'CodeIgniter\Session\Handlers\FileHandler' driver.
DEBUG - 2026-01-21 04:26:13 --> Session: Class initialized using 'CodeIgniter\Session\Handlers\FileHandler' driver.
DEBUG - 2026-01-21 04:26:48 --> Session: Class initialized using 'CodeIgniter\Session\Handlers\FileHandler' driver.
DEBUG - 2026-01-21 04:28:38 --> Session: Class initialized using 'CodeIgniter\Session\Handlers\FileHandler' driver.
DEBUG - 2026-01-21 04:28:55 --> Session: Class initialized using 'CodeIgniter\Session\Handlers\FileHandler' driver.
CRITICAL - 2026-01-21 04:28:56 --> CodeIgniter\View\Exceptions\ViewException: Invalid file: "siswa/laporan/cetak_pdf.php"
[Method: GET, Route: siswa/laporan/cetak_pdf]
in SYSTEMPATH\Exceptions\FrameworkException.php on line 39.
 1 SYSTEMPATH\View\View.php(214): CodeIgniter\Exceptions\FrameworkException::forInvalidFile('siswa/laporan/cetak_pdf.php')
 2 SYSTEMPATH\Common.php(1199): CodeIgniter\View\View->render('siswa/laporan/cetak_pdf', [], true)
 3 APPPATH\Controllers\Siswa\Laporan.php(60): view('siswa/laporan/cetak_pdf', [...])
 4 SYSTEMPATH\CodeIgniter.php(933): App\Controllers\Siswa\Laporan->cetakPDF()
 5 SYSTEMPATH\CodeIgniter.php(507): CodeIgniter\CodeIgniter->runController(Object(App\Controllers\Siswa\Laporan))
 6 SYSTEMPATH\CodeIgniter.php(354): CodeIgniter\CodeIgniter->handleRequest(null, Object(Config\Cache), false)
 7 SYSTEMPATH\Boot.php(363): CodeIgniter\CodeIgniter->run()
 8 SYSTEMPATH\Boot.php(68): CodeIgniter\Boot::runCodeIgniter(Object(CodeIgniter\CodeIgniter))
 9 FCPATH\index.php(59): CodeIgniter\Boot::bootWeb(Object(Config\Paths))
DEBUG - 2026-01-21 04:29:17 --> Session: Class initialized using 'CodeIgniter\Session\Handlers\FileHandler' driver.
DEBUG - 2026-01-21 04:29:30 --> Session: Class initialized using 'CodeIgniter\Session\Handlers\FileHandler' driver.
DEBUG - 2026-01-21 04:30:33 --> Session: Class initialized using 'CodeIgniter\Session\Handlers\FileHandler' driver.
DEBUG - 2026-01-21 04:30:35 --> Session: Class initialized using 'CodeIgniter\Session\Handlers\FileHandler' driver.
DEBUG - 2026-01-21 04:30:59 --> Session: Class initialized using 'CodeIgniter\Session\Handlers\FileHandler' driver.
DEBUG - 2026-01-21 04:41:22 --> Session: Class initialized using 'CodeIgniter\Session\Handlers\FileHandler' driver.
DEBUG - 2026-01-21 04:41:28 --> Session: Class initialized using 'CodeIgniter\Session\Handlers\FileHandler' driver.
DEBUG - 2026-01-21 04:41:32 --> Session: Class initialized using 'CodeIgniter\Session\Handlers\FileHandler' driver.
DEBUG - 2026-01-21 04:43:56 --> Session: Class initialized using 'CodeIgniter\Session\Handlers\FileHandler' driver.
DEBUG - 2026-01-21 04:44:02 --> Session: Class initialized using 'CodeIgniter\Session\Handlers\FileHandler' driver.
DEBUG - 2026-01-21 04:59:06 --> Session: Class initialized using 'CodeIgniter\Session\Handlers\FileHandler' driver.
DEBUG - 2026-01-21 04:59:14 --> Session: Class initialized using 'CodeIgniter\Session\Handlers\FileHandler' driver.
DEBUG - 2026-01-21 04:59:25 --> Session: Class initialized using 'CodeIgniter\Session\Handlers\FileHandler' driver.
DEBUG - 2026-01-21 04:59:25 --> Session: Class initialized using 'CodeIgniter\Session\Handlers\FileHandler' driver.
DEBUG - 2026-01-21 04:59:28 --> Session: Class initialized using 'CodeIgniter\Session\Handlers\FileHandler' driver.
DEBUG - 2026-01-21 04:59:40 --> Session: Class initialized using 'CodeIgniter\Session\Handlers\FileHandler' driver.
DEBUG - 2026-01-21 04:59:43 --> Session: Class initialized using 'CodeIgniter\Session\Handlers\FileHandler' driver.
DEBUG - 2026-01-21 04:59:43 --> Session: Class initialized using 'CodeIgniter\Session\Handlers\FileHandler' driver.
DEBUG - 2026-01-21 04:59:47 --> Session: Class initialized using 'CodeIgniter\Session\Handlers\FileHandler' driver.
DEBUG - 2026-01-21 04:59:48 --> Session: Class initialized using 'CodeIgniter\Session\Handlers\FileHandler' driver.
DEBUG - 2026-01-21 05:00:08 --> Session: Class initialized using 'CodeIgniter\Session\Handlers\FileHandler' driver.
DEBUG - 2026-01-21 05:00:13 --> Session: Class initialized using 'CodeIgniter\Session\Handlers\FileHandler' driver.
DEBUG - 2026-01-21 05:00:19 --> Session: Class initialized using 'CodeIgniter\Session\Handlers\FileHandler' driver.
DEBUG - 2026-01-21 05:00:24 --> Session: Class initialized using 'CodeIgniter\Session\Handlers\FileHandler' driver.
DEBUG - 2026-01-21 05:00:33 --> Session: Class initialized using 'CodeIgniter\Session\Handlers\FileHandler' driver.
DEBUG - 2026-01-21 05:00:33 --> Session: Class initialized using 'CodeIgniter\Session\Handlers\FileHandler' driver.
DEBUG - 2026-01-21 05:00:36 --> Session: Class initialized using 'CodeIgniter\Session\Handlers\FileHandler' driver.
DEBUG - 2026-01-21 05:00:37 --> Session: Class initialized using 'CodeIgniter\Session\Handlers\FileHandler' driver.
DEBUG - 2026-01-21 05:00:41 --> Session: Class initialized using 'CodeIgniter\Session\Handlers\FileHandler' driver.
DEBUG - 2026-01-21 05:00:41 --> Session: Class initialized using 'CodeIgniter\Session\Handlers\FileHandler' driver.
DEBUG - 2026-01-21 05:00:46 --> Session: Class initialized using 'CodeIgniter\Session\Handlers\FileHandler' driver.
DEBUG - 2026-01-21 05:00:46 --> Session: Class initialized using 'CodeIgniter\Session\Handlers\FileHandler' driver.
DEBUG - 2026-01-21 05:00:50 --> Session: Class initialized using 'CodeIgniter\Session\Handlers\FileHandler' driver.
DEBUG - 2026-01-21 05:00:50 --> Session: Class initialized using 'CodeIgniter\Session\Handlers\FileHandler' driver.
DEBUG - 2026-01-21 05:00:56 --> Session: Class initialized using 'CodeIgniter\Session\Handlers\FileHandler' driver.
DEBUG - 2026-01-21 05:01:01 --> Session: Class initialized using 'CodeIgniter\Session\Handlers\FileHandler' driver.
DEBUG - 2026-01-21 05:01:02 --> Session: Class initialized using 'CodeIgniter\Session\Handlers\FileHandler' driver.
DEBUG - 2026-01-21 05:01:04 --> Session: Class initialized using 'CodeIgniter\Session\Handlers\FileHandler' driver.
DEBUG - 2026-01-21 05:01:15 --> Session: Class initialized using 'CodeIgniter\Session\Handlers\FileHandler' driver.
DEBUG - 2026-01-21 05:01:15 --> Session: Class initialized using 'CodeIgniter\Session\Handlers\FileHandler' driver.
DEBUG - 2026-01-21 05:01:18 --> Session: Class initialized using 'CodeIgniter\Session\Handlers\FileHandler' driver.
DEBUG - 2026-01-21 05:01:19 --> Session: Class initialized using 'CodeIgniter\Session\Handlers\FileHandler' driver.
DEBUG - 2026-01-21 05:01:32 --> Session: Class initialized using 'CodeIgniter\Session\Handlers\FileHandler' driver.
DEBUG - 2026-01-21 05:01:36 --> Session: Class initialized using 'CodeIgniter\Session\Handlers\FileHandler' driver.
DEBUG - 2026-01-21 05:01:36 --> Session: Class initialized using 'CodeIgniter\Session\Handlers\FileHandler' driver.
DEBUG - 2026-01-21 05:01:52 --> Session: Class initialized using 'CodeIgniter\Session\Handlers\FileHandler' driver.
DEBUG - 2026-01-21 05:04:55 --> Session: Class initialized using 'CodeIgniter\Session\Handlers\FileHandler' driver.
DEBUG - 2026-01-21 05:05:54 --> Session: Class initialized using 'CodeIgniter\Session\Handlers\FileHandler' driver.
DEBUG - 2026-01-21 05:05:54 --> Session: Class initialized using 'CodeIgniter\Session\Handlers\FileHandler' driver.
DEBUG - 2026-01-21 05:05:57 --> Session: Class initialized using 'CodeIgniter\Session\Handlers\FileHandler' driver.
DEBUG - 2026-01-21 05:05:57 --> Session: Class initialized using 'CodeIgniter\Session\Handlers\FileHandler' driver.
DEBUG - 2026-01-21 05:06:13 --> Session: Class initialized using 'CodeIgniter\Session\Handlers\FileHandler' driver.
DEBUG - 2026-01-21 05:06:14 --> Session: Class initialized using 'CodeIgniter\Session\Handlers\FileHandler' driver.
DEBUG - 2026-01-21 05:06:17 --> Session: Class initialized using 'CodeIgniter\Session\Handlers\FileHandler' driver.
DEBUG - 2026-01-21 05:06:17 --> Session: Class initialized using 'CodeIgniter\Session\Handlers\FileHandler' driver.
DEBUG - 2026-01-21 05:07:17 --> Session: Class initialized using 'CodeIgniter\Session\Handlers\FileHandler' driver.
DEBUG - 2026-01-21 05:07:20 --> Session: Class initialized using 'CodeIgniter\Session\Handlers\FileHandler' driver.
DEBUG - 2026-01-21 05:09:20 --> Session: Class initialized using 'CodeIgniter\Session\Handlers\FileHandler' driver.
DEBUG - 2026-01-21 05:09:32 --> Session: Class initialized using 'CodeIgniter\Session\Handlers\FileHandler' driver.
DEBUG - 2026-01-21 05:09:33 --> Session: Class initialized using 'CodeIgniter\Session\Handlers\FileHandler' driver.
DEBUG - 2026-01-21 05:09:36 --> Session: Class initialized using 'CodeIgniter\Session\Handlers\FileHandler' driver.
DEBUG - 2026-01-21 05:09:37 --> Session: Class initialized using 'CodeIgniter\Session\Handlers\FileHandler' driver.
DEBUG - 2026-01-21 05:16:47 --> Session: Class initialized using 'CodeIgniter\Session\Handlers\FileHandler' driver.
DEBUG - 2026-01-21 05:16:47 --> Session: Class initialized using 'CodeIgniter\Session\Handlers\FileHandler' driver.
DEBUG - 2026-01-21 05:16:50 --> Session: Class initialized using 'CodeIgniter\Session\Handlers\FileHandler' driver.
DEBUG - 2026-01-21 05:16:50 --> Session: Class initialized using 'CodeIgniter\Session\Handlers\FileHandler' driver.
DEBUG - 2026-01-21 05:16:59 --> Session: Class initialized using 'CodeIgniter\Session\Handlers\FileHandler' driver.
DEBUG - 2026-01-21 05:17:01 --> Session: Class initialized using 'CodeIgniter\Session\Handlers\FileHandler' driver.
DEBUG - 2026-01-21 05:17:17 --> Session: Class initialized using 'CodeIgniter\Session\Handlers\FileHandler' driver.
DEBUG - 2026-01-21 05:17:20 --> Session: Class initialized using 'CodeIgniter\Session\Handlers\FileHandler' driver.
DEBUG - 2026-01-21 05:17:28 --> Session: Class initialized using 'CodeIgniter\Session\Handlers\FileHandler' driver.
DEBUG - 2026-01-21 05:17:38 --> Session: Class initialized using 'CodeIgniter\Session\Handlers\FileHandler' driver.
DEBUG - 2026-01-21 05:17:38 --> Session: Class initialized using 'CodeIgniter\Session\Handlers\FileHandler' driver.
DEBUG - 2026-01-21 05:17:41 --> Session: Class initialized using 'CodeIgniter\Session\Handlers\FileHandler' driver.
DEBUG - 2026-01-21 05:17:41 --> Session: Class initialized using 'CodeIgniter\Session\Handlers\FileHandler' driver.
DEBUG - 2026-01-21 05:17:49 --> Session: Class initialized using 'CodeIgniter\Session\Handlers\FileHandler' driver.
DEBUG - 2026-01-21 05:17:52 --> Session: Class initialized using 'CodeIgniter\Session\Handlers\FileHandler' driver.
DEBUG - 2026-01-21 05:18:00 --> Session: Class initialized using 'CodeIgniter\Session\Handlers\FileHandler' driver.
DEBUG - 2026-01-21 05:18:03 --> Session: Class initialized using 'CodeIgniter\Session\Handlers\FileHandler' driver.
DEBUG - 2026-01-21 06:13:18 --> Session: Class initialized using 'CodeIgniter\Session\Handlers\FileHandler' driver.
DEBUG - 2026-01-21 06:13:18 --> Session: Class initialized using 'CodeIgniter\Session\Handlers\FileHandler' driver.
ERROR - 2026-01-21 14:41:31 --> mysqli_sql_exception: Duplicate entry '1' for key 'PRIMARY' in E:\Website\xampp-portable-windows-x64-8.2.0-0-VS16\xampp\htdocs\student\system\Database\MySQLi\Connection.php:327
Stack trace:
#0 E:\Website\xampp-portable-windows-x64-8.2.0-0-VS16\xampp\htdocs\student\system\Database\MySQLi\Connection.php(327): mysqli->query('INSERT INTO `se...', 0)
#1 E:\Website\xampp-portable-windows-x64-8.2.0-0-VS16\xampp\htdocs\student\system\Database\BaseConnection.php(729): CodeIgniter\Database\MySQLi\Connection->execute('INSERT INTO `se...')
#2 E:\Website\xampp-portable-windows-x64-8.2.0-0-VS16\xampp\htdocs\student\system\Database\BaseConnection.php(646): CodeIgniter\Database\BaseConnection->simpleQuery('INSERT INTO `se...')
#3 E:\Website\xampp-portable-windows-x64-8.2.0-0-VS16\xampp\htdocs\student\system\Database\BaseBuilder.php(2345): CodeIgniter\Database\BaseConnection->query('INSERT INTO `se...', Array, false)
#4 E:\Website\xampp-portable-windows-x64-8.2.0-0-VS16\xampp\htdocs\student\app\Database\Migrations\2026-01-21-071300_DatabaseStudentActivity.php(25): CodeIgniter\Database\BaseBuilder->insert(Array)
#5 E:\Website\xampp-portable-windows-x64-8.2.0-0-VS16\xampp\htdocs\student\system\Database\MigrationRunner.php(874): App\Database\Migrations\DatabaseStudentActivity->up()
#6 E:\Website\xampp-portable-windows-x64-8.2.0-0-VS16\xampp\htdocs\student\system\Database\MigrationRunner.php(180): CodeIgniter\Database\MigrationRunner->migrate('up', Object(stdClass))
#7 E:\Website\xampp-portable-windows-x64-8.2.0-0-VS16\xampp\htdocs\student\system\Commands\Database\Migrate.php(85): CodeIgniter\Database\MigrationRunner->latest(NULL)
#8 E:\Website\xampp-portable-windows-x64-8.2.0-0-VS16\xampp\htdocs\student\system\CLI\Commands.php(74): CodeIgniter\Commands\Database\Migrate->run(Array)
#9 E:\Website\xampp-portable-windows-x64-8.2.0-0-VS16\xampp\htdocs\student\system\CLI\Console.php(47): CodeIgniter\CLI\Commands->run('migrate', Array)
#10 E:\Website\xampp-portable-windows-x64-8.2.0-0-VS16\xampp\htdocs\student\system\Boot.php(388): CodeIgniter\CLI\Console->run()
#11 E:\Website\xampp-portable-windows-x64-8.2.0-0-VS16\xampp\htdocs\student\system\Boot.php(133): CodeIgniter\Boot::runCommand(Object(CodeIgniter\CLI\Console))
#12 E:\Website\xampp-portable-windows-x64-8.2.0-0-VS16\xampp\htdocs\student\spark(87): CodeIgniter\Boot::bootSpark(Object(Config\Paths))
#13 {main}
DEBUG - 2026-01-21 14:41:57 --> Session: Class initialized using 'CodeIgniter\Session\Handlers\FileHandler' driver.
DEBUG - 2026-01-21 14:42:00 --> Session: Class initialized using 'CodeIgniter\Session\Handlers\FileHandler' driver.
DEBUG - 2026-01-21 14:42:01 --> Session: Class initialized using 'CodeIgniter\Session\Handlers\FileHandler' driver.
DEBUG - 2026-01-21 14:42:11 --> Session: Class initialized using 'CodeIgniter\Session\Handlers\FileHandler' driver.
DEBUG - 2026-01-21 14:42:17 --> Session: Class initialized using 'CodeIgniter\Session\Handlers\FileHandler' driver.
DEBUG - 2026-01-21 14:42:18 --> Session: Class initialized using 'CodeIgniter\Session\Handlers\FileHandler' driver.
DEBUG - 2026-01-21 14:42:22 --> Session: Class initialized using 'CodeIgniter\Session\Handlers\FileHandler' driver.
DEBUG - 2026-01-21 14:42:22 --> Session: Class initialized using 'CodeIgniter\Session\Handlers\FileHandler' driver.
DEBUG - 2026-01-21 14:42:34 --> Session: Class initialized using 'CodeIgniter\Session\Handlers\FileHandler' driver.
DEBUG - 2026-01-21 14:42:38 --> Session: Class initialized using 'CodeIgniter\Session\Handlers\FileHandler' driver.
DEBUG - 2026-01-21 14:42:55 --> Session: Class initialized using 'CodeIgniter\Session\Handlers\FileHandler' driver.
DEBUG - 2026-01-21 14:42:58 --> Session: Class initialized using 'CodeIgniter\Session\Handlers\FileHandler' driver.
DEBUG - 2026-01-21 14:42:59 --> Session: Class initialized using 'CodeIgniter\Session\Handlers\FileHandler' driver.
DEBUG - 2026-01-21 14:43:02 --> Session: Class initialized using 'CodeIgniter\Session\Handlers\FileHandler' driver.
DEBUG - 2026-01-21 14:43:41 --> Session: Class initialized using 'CodeIgniter\Session\Handlers\FileHandler' driver.
ERROR - 2026-01-21 14:43:41 --> mysqli_sql_exception: Unknown column 'tipe' in 'field list' in E:\Website\xampp-portable-windows-x64-8.2.0-0-VS16\xampp\htdocs\student\system\Database\MySQLi\Connection.php:327
Stack trace:
#0 E:\Website\xampp-portable-windows-x64-8.2.0-0-VS16\xampp\htdocs\student\system\Database\MySQLi\Connection.php(327): mysqli->query('INSERT INTO `ke...', 0)
#1 E:\Website\xampp-portable-windows-x64-8.2.0-0-VS16\xampp\htdocs\student\system\Database\BaseConnection.php(729): CodeIgniter\Database\MySQLi\Connection->execute('INSERT INTO `ke...')
#2 E:\Website\xampp-portable-windows-x64-8.2.0-0-VS16\xampp\htdocs\student\system\Database\BaseConnection.php(646): CodeIgniter\Database\BaseConnection->simpleQuery('INSERT INTO `ke...')
#3 E:\Website\xampp-portable-windows-x64-8.2.0-0-VS16\xampp\htdocs\student\system\Database\BaseBuilder.php(2345): CodeIgniter\Database\BaseConnection->query('INSERT INTO `ke...', Array, false)
#4 E:\Website\xampp-portable-windows-x64-8.2.0-0-VS16\xampp\htdocs\student\system\Model.php(394): CodeIgniter\Database\BaseBuilder->insert()
#5 E:\Website\xampp-portable-windows-x64-8.2.0-0-VS16\xampp\htdocs\student\system\BaseModel.php(838): CodeIgniter\Model->doInsert(Array)
#6 E:\Website\xampp-portable-windows-x64-8.2.0-0-VS16\xampp\htdocs\student\system\Model.php(797): CodeIgniter\BaseModel->insert(Array, false)
#7 E:\Website\xampp-portable-windows-x64-8.2.0-0-VS16\xampp\htdocs\student\system\BaseModel.php(751): CodeIgniter\Model->insert(Array, false)
#8 E:\Website\xampp-portable-windows-x64-8.2.0-0-VS16\xampp\htdocs\student\app\Controllers\Walas\Kegiatan.php(68): CodeIgniter\BaseModel->save(Array)
#9 E:\Website\xampp-portable-windows-x64-8.2.0-0-VS16\xampp\htdocs\student\system\CodeIgniter.php(933): App\Controllers\Walas\Kegiatan->store()
#10 E:\Website\xampp-portable-windows-x64-8.2.0-0-VS16\xampp\htdocs\student\system\CodeIgniter.php(507): CodeIgniter\CodeIgniter->runController(Object(App\Controllers\Walas\Kegiatan))
#11 E:\Website\xampp-portable-windows-x64-8.2.0-0-VS16\xampp\htdocs\student\system\CodeIgniter.php(354): CodeIgniter\CodeIgniter->handleRequest(NULL, Object(Config\Cache), false)
#12 E:\Website\xampp-portable-windows-x64-8.2.0-0-VS16\xampp\htdocs\student\system\Boot.php(363): CodeIgniter\CodeIgniter->run()
#13 E:\Website\xampp-portable-windows-x64-8.2.0-0-VS16\xampp\htdocs\student\system\Boot.php(68): CodeIgniter\Boot::runCodeIgniter(Object(CodeIgniter\CodeIgniter))
#14 E:\Website\xampp-portable-windows-x64-8.2.0-0-VS16\xampp\htdocs\student\index.php(59): CodeIgniter\Boot::bootWeb(Object(Config\Paths))
#15 {main}
CRITICAL - 2026-01-21 14:43:41 --> CodeIgniter\Database\Exceptions\DatabaseException: Unknown column 'tipe' in 'field list'
[Method: POST, Route: walas/kegiatan/store]
in SYSTEMPATH\Database\BaseConnection.php on line 684.
 1 SYSTEMPATH\Database\BaseBuilder.php(2345): CodeIgniter\Database\BaseConnection->query('INSERT INTO `kegiatan` (`wali_kelas_id`, `judul`, `instruksi`, `tipe`, `tanggal_dibuat`) VALUES (:wali_kelas_id:, :judul:, :instruksi:, :tipe:, :tanggal_dibuat:)', [...], false)
 2 SYSTEMPATH\Model.php(394): CodeIgniter\Database\BaseBuilder->insert()
 3 SYSTEMPATH\BaseModel.php(838): CodeIgniter\Model->doInsert([...])
 4 SYSTEMPATH\Model.php(797): CodeIgniter\BaseModel->insert([...], false)
 5 SYSTEMPATH\BaseModel.php(751): CodeIgniter\Model->insert([...], false)
 6 APPPATH\Controllers\Walas\Kegiatan.php(68): CodeIgniter\BaseModel->save([...])
 7 SYSTEMPATH\CodeIgniter.php(933): App\Controllers\Walas\Kegiatan->store()
 8 SYSTEMPATH\CodeIgniter.php(507): CodeIgniter\CodeIgniter->runController(Object(App\Controllers\Walas\Kegiatan))
 9 SYSTEMPATH\CodeIgniter.php(354): CodeIgniter\CodeIgniter->handleRequest(null, Object(Config\Cache), false)
10 SYSTEMPATH\Boot.php(363): CodeIgniter\CodeIgniter->run()
11 SYSTEMPATH\Boot.php(68): CodeIgniter\Boot::runCodeIgniter(Object(CodeIgniter\CodeIgniter))
12 FCPATH\index.php(59): CodeIgniter\Boot::bootWeb(Object(Config\Paths))
CRITICAL - 2026-01-21 14:43:41 --> [Caused by] CodeIgniter\Database\Exceptions\DatabaseException: Unknown column 'tipe' in 'field list'
in SYSTEMPATH\Database\MySQLi\Connection.php on line 332.
 1 SYSTEMPATH\Database\BaseConnection.php(729): CodeIgniter\Database\MySQLi\Connection->execute('INSERT INTO `kegiatan` (`wali_kelas_id`, `judul`, `instruksi`, `tipe`, `tanggal_dibuat`) VALUES (\'1\', \'Sholat Isha\', \'Laksanakan Sholat Isha\', \'harian\', \'2026-01-21 14:43:41\')')
 2 SYSTEMPATH\Database\BaseConnection.php(646): CodeIgniter\Database\BaseConnection->simpleQuery('INSERT INTO `kegiatan` (`wali_kelas_id`, `judul`, `instruksi`, `tipe`, `tanggal_dibuat`) VALUES (\'1\', \'Sholat Isha\', \'Laksanakan Sholat Isha\', \'harian\', \'2026-01-21 14:43:41\')')
 3 SYSTEMPATH\Database\BaseBuilder.php(2345): CodeIgniter\Database\BaseConnection->query('INSERT INTO `kegiatan` (`wali_kelas_id`, `judul`, `instruksi`, `tipe`, `tanggal_dibuat`) VALUES (:wali_kelas_id:, :judul:, :instruksi:, :tipe:, :tanggal_dibuat:)', [...], false)
 4 SYSTEMPATH\Model.php(394): CodeIgniter\Database\BaseBuilder->insert()
 5 SYSTEMPATH\BaseModel.php(838): CodeIgniter\Model->doInsert([...])
 6 SYSTEMPATH\Model.php(797): CodeIgniter\BaseModel->insert([...], false)
 7 SYSTEMPATH\BaseModel.php(751): CodeIgniter\Model->insert([...], false)
 8 APPPATH\Controllers\Walas\Kegiatan.php(68): CodeIgniter\BaseModel->save([...])
 9 SYSTEMPATH\CodeIgniter.php(933): App\Controllers\Walas\Kegiatan->store()
10 SYSTEMPATH\CodeIgniter.php(507): CodeIgniter\CodeIgniter->runController(Object(App\Controllers\Walas\Kegiatan))
11 SYSTEMPATH\CodeIgniter.php(354): CodeIgniter\CodeIgniter->handleRequest(null, Object(Config\Cache), false)
12 SYSTEMPATH\Boot.php(363): CodeIgniter\CodeIgniter->run()
13 SYSTEMPATH\Boot.php(68): CodeIgniter\Boot::runCodeIgniter(Object(CodeIgniter\CodeIgniter))
14 FCPATH\index.php(59): CodeIgniter\Boot::bootWeb(Object(Config\Paths))
CRITICAL - 2026-01-21 14:43:41 --> [Caused by] mysqli_sql_exception: Unknown column 'tipe' in 'field list'
in SYSTEMPATH\Database\MySQLi\Connection.php on line 327.
 1 SYSTEMPATH\Database\MySQLi\Connection.php(327): mysqli->query('INSERT INTO `kegiatan` (`wali_kelas_id`, `judul`, `instruksi`, `tipe`, `tanggal_dibuat`) VALUES (\'1\', \'Sholat Isha\', \'Laksanakan Sholat Isha\', \'harian\', \'2026-01-21 14:43:41\')', 0)
 2 SYSTEMPATH\Database\BaseConnection.php(729): CodeIgniter\Database\MySQLi\Connection->execute('INSERT INTO `kegiatan` (`wali_kelas_id`, `judul`, `instruksi`, `tipe`, `tanggal_dibuat`) VALUES (\'1\', \'Sholat Isha\', \'Laksanakan Sholat Isha\', \'harian\', \'2026-01-21 14:43:41\')')
 3 SYSTEMPATH\Database\BaseConnection.php(646): CodeIgniter\Database\BaseConnection->simpleQuery('INSERT INTO `kegiatan` (`wali_kelas_id`, `judul`, `instruksi`, `tipe`, `tanggal_dibuat`) VALUES (\'1\', \'Sholat Isha\', \'Laksanakan Sholat Isha\', \'harian\', \'2026-01-21 14:43:41\')')
 4 SYSTEMPATH\Database\BaseBuilder.php(2345): CodeIgniter\Database\BaseConnection->query('INSERT INTO `kegiatan` (`wali_kelas_id`, `judul`, `instruksi`, `tipe`, `tanggal_dibuat`) VALUES (:wali_kelas_id:, :judul:, :instruksi:, :tipe:, :tanggal_dibuat:)', [...], false)
 5 SYSTEMPATH\Model.php(394): CodeIgniter\Database\BaseBuilder->insert()
 6 SYSTEMPATH\BaseModel.php(838): CodeIgniter\Model->doInsert([...])
 7 SYSTEMPATH\Model.php(797): CodeIgniter\BaseModel->insert([...], false)
 8 SYSTEMPATH\BaseModel.php(751): CodeIgniter\Model->insert([...], false)
 9 APPPATH\Controllers\Walas\Kegiatan.php(68): CodeIgniter\BaseModel->save([...])
10 SYSTEMPATH\CodeIgniter.php(933): App\Controllers\Walas\Kegiatan->store()
11 SYSTEMPATH\CodeIgniter.php(507): CodeIgniter\CodeIgniter->runController(Object(App\Controllers\Walas\Kegiatan))
12 SYSTEMPATH\CodeIgniter.php(354): CodeIgniter\CodeIgniter->handleRequest(null, Object(Config\Cache), false)
13 SYSTEMPATH\Boot.php(363): CodeIgniter\CodeIgniter->run()
14 SYSTEMPATH\Boot.php(68): CodeIgniter\Boot::runCodeIgniter(Object(CodeIgniter\CodeIgniter))
15 FCPATH\index.php(59): CodeIgniter\Boot::bootWeb(Object(Config\Paths))
ERROR - 2026-01-21 14:46:16 --> mysqli_sql_exception: Duplicate entry '1' for key 'PRIMARY' in E:\Website\xampp-portable-windows-x64-8.2.0-0-VS16\xampp\htdocs\student\system\Database\MySQLi\Connection.php:327
Stack trace:
#0 E:\Website\xampp-portable-windows-x64-8.2.0-0-VS16\xampp\htdocs\student\system\Database\MySQLi\Connection.php(327): mysqli->query('INSERT INTO `se...', 0)
#1 E:\Website\xampp-portable-windows-x64-8.2.0-0-VS16\xampp\htdocs\student\system\Database\BaseConnection.php(729): CodeIgniter\Database\MySQLi\Connection->execute('INSERT INTO `se...')
#2 E:\Website\xampp-portable-windows-x64-8.2.0-0-VS16\xampp\htdocs\student\system\Database\BaseConnection.php(646): CodeIgniter\Database\BaseConnection->simpleQuery('INSERT INTO `se...')
#3 E:\Website\xampp-portable-windows-x64-8.2.0-0-VS16\xampp\htdocs\student\system\Database\BaseBuilder.php(2345): CodeIgniter\Database\BaseConnection->query('INSERT INTO `se...', Array, false)
#4 E:\Website\xampp-portable-windows-x64-8.2.0-0-VS16\xampp\htdocs\student\app\Database\Migrations\2026-01-21-071300_DatabaseStudentActivity.php(25): CodeIgniter\Database\BaseBuilder->insert(Array)
#5 E:\Website\xampp-portable-windows-x64-8.2.0-0-VS16\xampp\htdocs\student\system\Database\MigrationRunner.php(874): App\Database\Migrations\DatabaseStudentActivity->up()
#6 E:\Website\xampp-portable-windows-x64-8.2.0-0-VS16\xampp\htdocs\student\system\Database\MigrationRunner.php(180): CodeIgniter\Database\MigrationRunner->migrate('up', Object(stdClass))
#7 E:\Website\xampp-portable-windows-x64-8.2.0-0-VS16\xampp\htdocs\student\system\Commands\Database\Migrate.php(85): CodeIgniter\Database\MigrationRunner->latest(NULL)
#8 E:\Website\xampp-portable-windows-x64-8.2.0-0-VS16\xampp\htdocs\student\system\CLI\Commands.php(74): CodeIgniter\Commands\Database\Migrate->run(Array)
#9 E:\Website\xampp-portable-windows-x64-8.2.0-0-VS16\xampp\htdocs\student\system\CLI\BaseCommand.php(119): CodeIgniter\CLI\Commands->run('migrate', Array)
#10 E:\Website\xampp-portable-windows-x64-8.2.0-0-VS16\xampp\htdocs\student\system\Commands\Database\MigrateRefresh.php(87): CodeIgniter\CLI\BaseCommand->call('migrate', Array)
#11 E:\Website\xampp-portable-windows-x64-8.2.0-0-VS16\xampp\htdocs\student\system\CLI\Commands.php(74): CodeIgniter\Commands\Database\MigrateRefresh->run(Array)
#12 E:\Website\xampp-portable-windows-x64-8.2.0-0-VS16\xampp\htdocs\student\system\CLI\Console.php(47): CodeIgniter\CLI\Commands->run('migrate:refresh', Array)
#13 E:\Website\xampp-portable-windows-x64-8.2.0-0-VS16\xampp\htdocs\student\system\Boot.php(388): CodeIgniter\CLI\Console->run()
#14 E:\Website\xampp-portable-windows-x64-8.2.0-0-VS16\xampp\htdocs\student\system\Boot.php(133): CodeIgniter\Boot::runCommand(Object(CodeIgniter\CLI\Console))
#15 E:\Website\xampp-portable-windows-x64-8.2.0-0-VS16\xampp\htdocs\student\spark(87): CodeIgniter\Boot::bootSpark(Object(Config\Paths))
#16 {main}
DEBUG - 2026-01-21 14:46:24 --> Session: Class initialized using 'CodeIgniter\Session\Handlers\FileHandler' driver.
ERROR - 2026-01-21 14:46:24 --> mysqli_sql_exception: Unknown column 'tipe' in 'field list' in E:\Website\xampp-portable-windows-x64-8.2.0-0-VS16\xampp\htdocs\student\system\Database\MySQLi\Connection.php:327
Stack trace:
#0 E:\Website\xampp-portable-windows-x64-8.2.0-0-VS16\xampp\htdocs\student\system\Database\MySQLi\Connection.php(327): mysqli->query('INSERT INTO `ke...', 0)
#1 E:\Website\xampp-portable-windows-x64-8.2.0-0-VS16\xampp\htdocs\student\system\Database\BaseConnection.php(729): CodeIgniter\Database\MySQLi\Connection->execute('INSERT INTO `ke...')
#2 E:\Website\xampp-portable-windows-x64-8.2.0-0-VS16\xampp\htdocs\student\system\Database\BaseConnection.php(646): CodeIgniter\Database\BaseConnection->simpleQuery('INSERT INTO `ke...')
#3 E:\Website\xampp-portable-windows-x64-8.2.0-0-VS16\xampp\htdocs\student\system\Database\BaseBuilder.php(2345): CodeIgniter\Database\BaseConnection->query('INSERT INTO `ke...', Array, false)
#4 E:\Website\xampp-portable-windows-x64-8.2.0-0-VS16\xampp\htdocs\student\system\Model.php(394): CodeIgniter\Database\BaseBuilder->insert()
#5 E:\Website\xampp-portable-windows-x64-8.2.0-0-VS16\xampp\htdocs\student\system\BaseModel.php(838): CodeIgniter\Model->doInsert(Array)
#6 E:\Website\xampp-portable-windows-x64-8.2.0-0-VS16\xampp\htdocs\student\system\Model.php(797): CodeIgniter\BaseModel->insert(Array, false)
#7 E:\Website\xampp-portable-windows-x64-8.2.0-0-VS16\xampp\htdocs\student\system\BaseModel.php(751): CodeIgniter\Model->insert(Array, false)
#8 E:\Website\xampp-portable-windows-x64-8.2.0-0-VS16\xampp\htdocs\student\app\Controllers\Walas\Kegiatan.php(68): CodeIgniter\BaseModel->save(Array)
#9 E:\Website\xampp-portable-windows-x64-8.2.0-0-VS16\xampp\htdocs\student\system\CodeIgniter.php(933): App\Controllers\Walas\Kegiatan->store()
#10 E:\Website\xampp-portable-windows-x64-8.2.0-0-VS16\xampp\htdocs\student\system\CodeIgniter.php(507): CodeIgniter\CodeIgniter->runController(Object(App\Controllers\Walas\Kegiatan))
#11 E:\Website\xampp-portable-windows-x64-8.2.0-0-VS16\xampp\htdocs\student\system\CodeIgniter.php(354): CodeIgniter\CodeIgniter->handleRequest(NULL, Object(Config\Cache), false)
#12 E:\Website\xampp-portable-windows-x64-8.2.0-0-VS16\xampp\htdocs\student\system\Boot.php(363): CodeIgniter\CodeIgniter->run()
#13 E:\Website\xampp-portable-windows-x64-8.2.0-0-VS16\xampp\htdocs\student\system\Boot.php(68): CodeIgniter\Boot::runCodeIgniter(Object(CodeIgniter\CodeIgniter))
#14 E:\Website\xampp-portable-windows-x64-8.2.0-0-VS16\xampp\htdocs\student\index.php(59): CodeIgniter\Boot::bootWeb(Object(Config\Paths))
#15 {main}
CRITICAL - 2026-01-21 14:46:24 --> CodeIgniter\Database\Exceptions\DatabaseException: Unknown column 'tipe' in 'field list'
[Method: POST, Route: walas/kegiatan/store]
in SYSTEMPATH\Database\BaseConnection.php on line 684.
 1 SYSTEMPATH\Database\BaseBuilder.php(2345): CodeIgniter\Database\BaseConnection->query('INSERT INTO `kegiatan` (`wali_kelas_id`, `judul`, `instruksi`, `tipe`, `tanggal_dibuat`) VALUES (:wali_kelas_id:, :judul:, :instruksi:, :tipe:, :tanggal_dibuat:)', [...], false)
 2 SYSTEMPATH\Model.php(394): CodeIgniter\Database\BaseBuilder->insert()
 3 SYSTEMPATH\BaseModel.php(838): CodeIgniter\Model->doInsert([...])
 4 SYSTEMPATH\Model.php(797): CodeIgniter\BaseModel->insert([...], false)
 5 SYSTEMPATH\BaseModel.php(751): CodeIgniter\Model->insert([...], false)
 6 APPPATH\Controllers\Walas\Kegiatan.php(68): CodeIgniter\BaseModel->save([...])
 7 SYSTEMPATH\CodeIgniter.php(933): App\Controllers\Walas\Kegiatan->store()
 8 SYSTEMPATH\CodeIgniter.php(507): CodeIgniter\CodeIgniter->runController(Object(App\Controllers\Walas\Kegiatan))
 9 SYSTEMPATH\CodeIgniter.php(354): CodeIgniter\CodeIgniter->handleRequest(null, Object(Config\Cache), false)
10 SYSTEMPATH\Boot.php(363): CodeIgniter\CodeIgniter->run()
11 SYSTEMPATH\Boot.php(68): CodeIgniter\Boot::runCodeIgniter(Object(CodeIgniter\CodeIgniter))
12 FCPATH\index.php(59): CodeIgniter\Boot::bootWeb(Object(Config\Paths))
CRITICAL - 2026-01-21 14:46:24 --> [Caused by] CodeIgniter\Database\Exceptions\DatabaseException: Unknown column 'tipe' in 'field list'
in SYSTEMPATH\Database\MySQLi\Connection.php on line 332.
 1 SYSTEMPATH\Database\BaseConnection.php(729): CodeIgniter\Database\MySQLi\Connection->execute('INSERT INTO `kegiatan` (`wali_kelas_id`, `judul`, `instruksi`, `tipe`, `tanggal_dibuat`) VALUES (\'1\', \'Sholat Isha\', \'Laksanakan Sholat Isha\', \'harian\', \'2026-01-21 14:46:24\')')
 2 SYSTEMPATH\Database\BaseConnection.php(646): CodeIgniter\Database\BaseConnection->simpleQuery('INSERT INTO `kegiatan` (`wali_kelas_id`, `judul`, `instruksi`, `tipe`, `tanggal_dibuat`) VALUES (\'1\', \'Sholat Isha\', \'Laksanakan Sholat Isha\', \'harian\', \'2026-01-21 14:46:24\')')
 3 SYSTEMPATH\Database\BaseBuilder.php(2345): CodeIgniter\Database\BaseConnection->query('INSERT INTO `kegiatan` (`wali_kelas_id`, `judul`, `instruksi`, `tipe`, `tanggal_dibuat`) VALUES (:wali_kelas_id:, :judul:, :instruksi:, :tipe:, :tanggal_dibuat:)', [...], false)
 4 SYSTEMPATH\Model.php(394): CodeIgniter\Database\BaseBuilder->insert()
 5 SYSTEMPATH\BaseModel.php(838): CodeIgniter\Model->doInsert([...])
 6 SYSTEMPATH\Model.php(797): CodeIgniter\BaseModel->insert([...], false)
 7 SYSTEMPATH\BaseModel.php(751): CodeIgniter\Model->insert([...], false)
 8 APPPATH\Controllers\Walas\Kegiatan.php(68): CodeIgniter\BaseModel->save([...])
 9 SYSTEMPATH\CodeIgniter.php(933): App\Controllers\Walas\Kegiatan->store()
10 SYSTEMPATH\CodeIgniter.php(507): CodeIgniter\CodeIgniter->runController(Object(App\Controllers\Walas\Kegiatan))
11 SYSTEMPATH\CodeIgniter.php(354): CodeIgniter\CodeIgniter->handleRequest(null, Object(Config\Cache), false)
12 SYSTEMPATH\Boot.php(363): CodeIgniter\CodeIgniter->run()
13 SYSTEMPATH\Boot.php(68): CodeIgniter\Boot::runCodeIgniter(Object(CodeIgniter\CodeIgniter))
14 FCPATH\index.php(59): CodeIgniter\Boot::bootWeb(Object(Config\Paths))
CRITICAL - 2026-01-21 14:46:24 --> [Caused by] mysqli_sql_exception: Unknown column 'tipe' in 'field list'
in SYSTEMPATH\Database\MySQLi\Connection.php on line 327.
 1 SYSTEMPATH\Database\MySQLi\Connection.php(327): mysqli->query('INSERT INTO `kegiatan` (`wali_kelas_id`, `judul`, `instruksi`, `tipe`, `tanggal_dibuat`) VALUES (\'1\', \'Sholat Isha\', \'Laksanakan Sholat Isha\', \'harian\', \'2026-01-21 14:46:24\')', 0)
 2 SYSTEMPATH\Database\BaseConnection.php(729): CodeIgniter\Database\MySQLi\Connection->execute('INSERT INTO `kegiatan` (`wali_kelas_id`, `judul`, `instruksi`, `tipe`, `tanggal_dibuat`) VALUES (\'1\', \'Sholat Isha\', \'Laksanakan Sholat Isha\', \'harian\', \'2026-01-21 14:46:24\')')
 3 SYSTEMPATH\Database\BaseConnection.php(646): CodeIgniter\Database\BaseConnection->simpleQuery('INSERT INTO `kegiatan` (`wali_kelas_id`, `judul`, `instruksi`, `tipe`, `tanggal_dibuat`) VALUES (\'1\', \'Sholat Isha\', \'Laksanakan Sholat Isha\', \'harian\', \'2026-01-21 14:46:24\')')
 4 SYSTEMPATH\Database\BaseBuilder.php(2345): CodeIgniter\Database\BaseConnection->query('INSERT INTO `kegiatan` (`wali_kelas_id`, `judul`, `instruksi`, `tipe`, `tanggal_dibuat`) VALUES (:wali_kelas_id:, :judul:, :instruksi:, :tipe:, :tanggal_dibuat:)', [...], false)
 5 SYSTEMPATH\Model.php(394): CodeIgniter\Database\BaseBuilder->insert()
 6 SYSTEMPATH\BaseModel.php(838): CodeIgniter\Model->doInsert([...])
 7 SYSTEMPATH\Model.php(797): CodeIgniter\BaseModel->insert([...], false)
 8 SYSTEMPATH\BaseModel.php(751): CodeIgniter\Model->insert([...], false)
 9 APPPATH\Controllers\Walas\Kegiatan.php(68): CodeIgniter\BaseModel->save([...])
10 SYSTEMPATH\CodeIgniter.php(933): App\Controllers\Walas\Kegiatan->store()
11 SYSTEMPATH\CodeIgniter.php(507): CodeIgniter\CodeIgniter->runController(Object(App\Controllers\Walas\Kegiatan))
12 SYSTEMPATH\CodeIgniter.php(354): CodeIgniter\CodeIgniter->handleRequest(null, Object(Config\Cache), false)
13 SYSTEMPATH\Boot.php(363): CodeIgniter\CodeIgniter->run()
14 SYSTEMPATH\Boot.php(68): CodeIgniter\Boot::runCodeIgniter(Object(CodeIgniter\CodeIgniter))
15 FCPATH\index.php(59): CodeIgniter\Boot::bootWeb(Object(Config\Paths))
DEBUG - 2026-01-21 14:47:38 --> Session: Class initialized using 'CodeIgniter\Session\Handlers\FileHandler' driver.
ERROR - 2026-01-21 14:47:38 --> mysqli_sql_exception: Column 'wali_kelas_id' cannot be null in E:\Website\xampp-portable-windows-x64-8.2.0-0-VS16\xampp\htdocs\student\system\Database\MySQLi\Connection.php:327
Stack trace:
#0 E:\Website\xampp-portable-windows-x64-8.2.0-0-VS16\xampp\htdocs\student\system\Database\MySQLi\Connection.php(327): mysqli->query('INSERT INTO `ke...', 0)
#1 E:\Website\xampp-portable-windows-x64-8.2.0-0-VS16\xampp\htdocs\student\system\Database\BaseConnection.php(729): CodeIgniter\Database\MySQLi\Connection->execute('INSERT INTO `ke...')
#2 E:\Website\xampp-portable-windows-x64-8.2.0-0-VS16\xampp\htdocs\student\system\Database\BaseConnection.php(646): CodeIgniter\Database\BaseConnection->simpleQuery('INSERT INTO `ke...')
#3 E:\Website\xampp-portable-windows-x64-8.2.0-0-VS16\xampp\htdocs\student\system\Database\BaseBuilder.php(2345): CodeIgniter\Database\BaseConnection->query('INSERT INTO `ke...', Array, false)
#4 E:\Website\xampp-portable-windows-x64-8.2.0-0-VS16\xampp\htdocs\student\system\Model.php(394): CodeIgniter\Database\BaseBuilder->insert()
#5 E:\Website\xampp-portable-windows-x64-8.2.0-0-VS16\xampp\htdocs\student\system\BaseModel.php(838): CodeIgniter\Model->doInsert(Array)
#6 E:\Website\xampp-portable-windows-x64-8.2.0-0-VS16\xampp\htdocs\student\system\Model.php(797): CodeIgniter\BaseModel->insert(Array, false)
#7 E:\Website\xampp-portable-windows-x64-8.2.0-0-VS16\xampp\htdocs\student\system\BaseModel.php(751): CodeIgniter\Model->insert(Array, false)
#8 E:\Website\xampp-portable-windows-x64-8.2.0-0-VS16\xampp\htdocs\student\app\Controllers\Walas\Kegiatan.php(68): CodeIgniter\BaseModel->save(Array)
#9 E:\Website\xampp-portable-windows-x64-8.2.0-0-VS16\xampp\htdocs\student\system\CodeIgniter.php(933): App\Controllers\Walas\Kegiatan->store()
#10 E:\Website\xampp-portable-windows-x64-8.2.0-0-VS16\xampp\htdocs\student\system\CodeIgniter.php(507): CodeIgniter\CodeIgniter->runController(Object(App\Controllers\Walas\Kegiatan))
#11 E:\Website\xampp-portable-windows-x64-8.2.0-0-VS16\xampp\htdocs\student\system\CodeIgniter.php(354): CodeIgniter\CodeIgniter->handleRequest(NULL, Object(Config\Cache), false)
#12 E:\Website\xampp-portable-windows-x64-8.2.0-0-VS16\xampp\htdocs\student\system\Boot.php(363): CodeIgniter\CodeIgniter->run()
#13 E:\Website\xampp-portable-windows-x64-8.2.0-0-VS16\xampp\htdocs\student\system\Boot.php(68): CodeIgniter\Boot::runCodeIgniter(Object(CodeIgniter\CodeIgniter))
#14 E:\Website\xampp-portable-windows-x64-8.2.0-0-VS16\xampp\htdocs\student\index.php(59): CodeIgniter\Boot::bootWeb(Object(Config\Paths))
#15 {main}
CRITICAL - 2026-01-21 14:47:38 --> CodeIgniter\Database\Exceptions\DatabaseException: Column 'wali_kelas_id' cannot be null
[Method: POST, Route: walas/kegiatan/store]
in SYSTEMPATH\Database\BaseConnection.php on line 684.
 1 SYSTEMPATH\Database\BaseBuilder.php(2345): CodeIgniter\Database\BaseConnection->query('INSERT INTO `kegiatan` (`wali_kelas_id`, `judul`, `instruksi`, `tipe`, `tanggal_dibuat`) VALUES (:wali_kelas_id:, :judul:, :instruksi:, :tipe:, :tanggal_dibuat:)', [...], false)
 2 SYSTEMPATH\Model.php(394): CodeIgniter\Database\BaseBuilder->insert()
 3 SYSTEMPATH\BaseModel.php(838): CodeIgniter\Model->doInsert([...])
 4 SYSTEMPATH\Model.php(797): CodeIgniter\BaseModel->insert([...], false)
 5 SYSTEMPATH\BaseModel.php(751): CodeIgniter\Model->insert([...], false)
 6 APPPATH\Controllers\Walas\Kegiatan.php(68): CodeIgniter\BaseModel->save([...])
 7 SYSTEMPATH\CodeIgniter.php(933): App\Controllers\Walas\Kegiatan->store()
 8 SYSTEMPATH\CodeIgniter.php(507): CodeIgniter\CodeIgniter->runController(Object(App\Controllers\Walas\Kegiatan))
 9 SYSTEMPATH\CodeIgniter.php(354): CodeIgniter\CodeIgniter->handleRequest(null, Object(Config\Cache), false)
10 SYSTEMPATH\Boot.php(363): CodeIgniter\CodeIgniter->run()
11 SYSTEMPATH\Boot.php(68): CodeIgniter\Boot::runCodeIgniter(Object(CodeIgniter\CodeIgniter))
12 FCPATH\index.php(59): CodeIgniter\Boot::bootWeb(Object(Config\Paths))
CRITICAL - 2026-01-21 14:47:38 --> [Caused by] CodeIgniter\Database\Exceptions\DatabaseException: Column 'wali_kelas_id' cannot be null
in SYSTEMPATH\Database\MySQLi\Connection.php on line 332.
 1 SYSTEMPATH\Database\BaseConnection.php(729): CodeIgniter\Database\MySQLi\Connection->execute('INSERT INTO `kegiatan` (`wali_kelas_id`, `judul`, `instruksi`, `tipe`, `tanggal_dibuat`) VALUES (NULL, \'Sholat Isha\', \'Laksanakan Sholat Isha\', \'harian\', \'2026-01-21 14:47:38\')')
 2 SYSTEMPATH\Database\BaseConnection.php(646): CodeIgniter\Database\BaseConnection->simpleQuery('INSERT INTO `kegiatan` (`wali_kelas_id`, `judul`, `instruksi`, `tipe`, `tanggal_dibuat`) VALUES (NULL, \'Sholat Isha\', \'Laksanakan Sholat Isha\', \'harian\', \'2026-01-21 14:47:38\')')
 3 SYSTEMPATH\Database\BaseBuilder.php(2345): CodeIgniter\Database\BaseConnection->query('INSERT INTO `kegiatan` (`wali_kelas_id`, `judul`, `instruksi`, `tipe`, `tanggal_dibuat`) VALUES (:wali_kelas_id:, :judul:, :instruksi:, :tipe:, :tanggal_dibuat:)', [...], false)
 4 SYSTEMPATH\Model.php(394): CodeIgniter\Database\BaseBuilder->insert()
 5 SYSTEMPATH\BaseModel.php(838): CodeIgniter\Model->doInsert([...])
 6 SYSTEMPATH\Model.php(797): CodeIgniter\BaseModel->insert([...], false)
 7 SYSTEMPATH\BaseModel.php(751): CodeIgniter\Model->insert([...], false)
 8 APPPATH\Controllers\Walas\Kegiatan.php(68): CodeIgniter\BaseModel->save([...])
 9 SYSTEMPATH\CodeIgniter.php(933): App\Controllers\Walas\Kegiatan->store()
10 SYSTEMPATH\CodeIgniter.php(507): CodeIgniter\CodeIgniter->runController(Object(App\Controllers\Walas\Kegiatan))
11 SYSTEMPATH\CodeIgniter.php(354): CodeIgniter\CodeIgniter->handleRequest(null, Object(Config\Cache), false)
12 SYSTEMPATH\Boot.php(363): CodeIgniter\CodeIgniter->run()
13 SYSTEMPATH\Boot.php(68): CodeIgniter\Boot::runCodeIgniter(Object(CodeIgniter\CodeIgniter))
14 FCPATH\index.php(59): CodeIgniter\Boot::bootWeb(Object(Config\Paths))
CRITICAL - 2026-01-21 14:47:38 --> [Caused by] mysqli_sql_exception: Column 'wali_kelas_id' cannot be null
in SYSTEMPATH\Database\MySQLi\Connection.php on line 327.
 1 SYSTEMPATH\Database\MySQLi\Connection.php(327): mysqli->query('INSERT INTO `kegiatan` (`wali_kelas_id`, `judul`, `instruksi`, `tipe`, `tanggal_dibuat`) VALUES (NULL, \'Sholat Isha\', \'Laksanakan Sholat Isha\', \'harian\', \'2026-01-21 14:47:38\')', 0)
 2 SYSTEMPATH\Database\BaseConnection.php(729): CodeIgniter\Database\MySQLi\Connection->execute('INSERT INTO `kegiatan` (`wali_kelas_id`, `judul`, `instruksi`, `tipe`, `tanggal_dibuat`) VALUES (NULL, \'Sholat Isha\', \'Laksanakan Sholat Isha\', \'harian\', \'2026-01-21 14:47:38\')')
 3 SYSTEMPATH\Database\BaseConnection.php(646): CodeIgniter\Database\BaseConnection->simpleQuery('INSERT INTO `kegiatan` (`wali_kelas_id`, `judul`, `instruksi`, `tipe`, `tanggal_dibuat`) VALUES (NULL, \'Sholat Isha\', \'Laksanakan Sholat Isha\', \'harian\', \'2026-01-21 14:47:38\')')
 4 SYSTEMPATH\Database\BaseBuilder.php(2345): CodeIgniter\Database\BaseConnection->query('INSERT INTO `kegiatan` (`wali_kelas_id`, `judul`, `instruksi`, `tipe`, `tanggal_dibuat`) VALUES (:wali_kelas_id:, :judul:, :instruksi:, :tipe:, :tanggal_dibuat:)', [...], false)
 5 SYSTEMPATH\Model.php(394): CodeIgniter\Database\BaseBuilder->insert()
 6 SYSTEMPATH\BaseModel.php(838): CodeIgniter\Model->doInsert([...])
 7 SYSTEMPATH\Model.php(797): CodeIgniter\BaseModel->insert([...], false)
 8 SYSTEMPATH\BaseModel.php(751): CodeIgniter\Model->insert([...], false)
 9 APPPATH\Controllers\Walas\Kegiatan.php(68): CodeIgniter\BaseModel->save([...])
10 SYSTEMPATH\CodeIgniter.php(933): App\Controllers\Walas\Kegiatan->store()
11 SYSTEMPATH\CodeIgniter.php(507): CodeIgniter\CodeIgniter->runController(Object(App\Controllers\Walas\Kegiatan))
12 SYSTEMPATH\CodeIgniter.php(354): CodeIgniter\CodeIgniter->handleRequest(null, Object(Config\Cache), false)
13 SYSTEMPATH\Boot.php(363): CodeIgniter\CodeIgniter->run()
14 SYSTEMPATH\Boot.php(68): CodeIgniter\Boot::runCodeIgniter(Object(CodeIgniter\CodeIgniter))
15 FCPATH\index.php(59): CodeIgniter\Boot::bootWeb(Object(Config\Paths))
DEBUG - 2026-01-21 14:48:28 --> Session: Class initialized using 'CodeIgniter\Session\Handlers\FileHandler' driver.
DEBUG - 2026-01-21 14:48:28 --> Session: Class initialized using 'CodeIgniter\Session\Handlers\FileHandler' driver.
DEBUG - 2026-01-21 14:48:50 --> Session: Class initialized using 'CodeIgniter\Session\Handlers\FileHandler' driver.
DEBUG - 2026-01-21 14:48:50 --> Session: Class initialized using 'CodeIgniter\Session\Handlers\FileHandler' driver.
DEBUG - 2026-01-21 14:48:56 --> Session: Class initialized using 'CodeIgniter\Session\Handlers\FileHandler' driver.
DEBUG - 2026-01-21 14:48:56 --> Session: Class initialized using 'CodeIgniter\Session\Handlers\FileHandler' driver.
DEBUG - 2026-01-21 14:49:00 --> Session: Class initialized using 'CodeIgniter\Session\Handlers\FileHandler' driver.
DEBUG - 2026-01-21 14:49:01 --> Session: Class initialized using 'CodeIgniter\Session\Handlers\FileHandler' driver.
DEBUG - 2026-01-21 14:49:11 --> Session: Class initialized using 'CodeIgniter\Session\Handlers\FileHandler' driver.
DEBUG - 2026-01-21 14:49:12 --> Session: Class initialized using 'CodeIgniter\Session\Handlers\FileHandler' driver.
DEBUG - 2026-01-21 14:49:17 --> Session: Class initialized using 'CodeIgniter\Session\Handlers\FileHandler' driver.
DEBUG - 2026-01-21 14:49:22 --> Session: Class initialized using 'CodeIgniter\Session\Handlers\FileHandler' driver.
DEBUG - 2026-01-21 14:49:22 --> Session: Class initialized using 'CodeIgniter\Session\Handlers\FileHandler' driver.
DEBUG - 2026-01-21 14:50:34 --> Session: Class initialized using 'CodeIgniter\Session\Handlers\FileHandler' driver.
DEBUG - 2026-01-21 14:50:35 --> Session: Class initialized using 'CodeIgniter\Session\Handlers\FileHandler' driver.
DEBUG - 2026-01-21 14:50:47 --> Session: Class initialized using 'CodeIgniter\Session\Handlers\FileHandler' driver.
DEBUG - 2026-01-21 14:51:05 --> Session: Class initialized using 'CodeIgniter\Session\Handlers\FileHandler' driver.
DEBUG - 2026-01-21 14:51:06 --> Session: Class initialized using 'CodeIgniter\Session\Handlers\FileHandler' driver.
DEBUG - 2026-01-21 14:51:15 --> Session: Class initialized using 'CodeIgniter\Session\Handlers\FileHandler' driver.
DEBUG - 2026-01-21 14:51:22 --> Session: Class initialized using 'CodeIgniter\Session\Handlers\FileHandler' driver.
DEBUG - 2026-01-21 14:51:22 --> Session: Class initialized using 'CodeIgniter\Session\Handlers\FileHandler' driver.
DEBUG - 2026-01-21 14:51:28 --> Session: Class initialized using 'CodeIgniter\Session\Handlers\FileHandler' driver.
DEBUG - 2026-01-21 14:51:29 --> Session: Class initialized using 'CodeIgniter\Session\Handlers\FileHandler' driver.
DEBUG - 2026-01-21 14:51:48 --> Session: Class initialized using 'CodeIgniter\Session\Handlers\FileHandler' driver.
CRITICAL - 2026-01-21 14:51:49 --> CodeIgniter\Exceptions\BadMethodCallException: Call to undefined method App\Models\LogAktivitasModel::cekStatusPengerjaan
[Method: GET, Route: siswa/tugas]
in SYSTEMPATH\Model.php on line 927.
 1 APPPATH\Controllers\Siswa\Tugas.php(48): CodeIgniter\Model->__call('cekStatusPengerjaan', [...])
 2 SYSTEMPATH\CodeIgniter.php(933): App\Controllers\Siswa\Tugas->index()
 3 SYSTEMPATH\CodeIgniter.php(507): CodeIgniter\CodeIgniter->runController(Object(App\Controllers\Siswa\Tugas))
 4 SYSTEMPATH\CodeIgniter.php(354): CodeIgniter\CodeIgniter->handleRequest(null, Object(Config\Cache), false)
 5 SYSTEMPATH\Boot.php(363): CodeIgniter\CodeIgniter->run()
 6 SYSTEMPATH\Boot.php(68): CodeIgniter\Boot::runCodeIgniter(Object(CodeIgniter\CodeIgniter))
 7 FCPATH\index.php(59): CodeIgniter\Boot::bootWeb(Object(Config\Paths))
DEBUG - 2026-01-21 14:53:17 --> Session: Class initialized using 'CodeIgniter\Session\Handlers\FileHandler' driver.
DEBUG - 2026-01-21 14:53:36 --> Session: Class initialized using 'CodeIgniter\Session\Handlers\FileHandler' driver.
DEBUG - 2026-01-21 14:53:37 --> Session: Class initialized using 'CodeIgniter\Session\Handlers\FileHandler' driver.
DEBUG - 2026-01-21 14:53:47 --> Session: Class initialized using 'CodeIgniter\Session\Handlers\FileHandler' driver.
DEBUG - 2026-01-21 14:53:55 --> Session: Class initialized using 'CodeIgniter\Session\Handlers\FileHandler' driver.
DEBUG - 2026-01-21 14:54:06 --> Session: Class initialized using 'CodeIgniter\Session\Handlers\FileHandler' driver.
DEBUG - 2026-01-21 14:57:48 --> Session: Class initialized using 'CodeIgniter\Session\Handlers\FileHandler' driver.
DEBUG - 2026-01-21 14:58:12 --> Session: Class initialized using 'CodeIgniter\Session\Handlers\FileHandler' driver.
DEBUG - 2026-01-21 15:01:04 --> Session: Class initialized using 'CodeIgniter\Session\Handlers\FileHandler' driver.
ERROR - 2026-01-21 15:12:07 --> mysqli_sql_exception: Duplicate column name 'pesan_motivasi' in E:\Website\xampp-portable-windows-x64-8.2.0-0-VS16\xampp\htdocs\student\system\Database\MySQLi\Connection.php:327
Stack trace:
#0 E:\Website\xampp-portable-windows-x64-8.2.0-0-VS16\xampp\htdocs\student\system\Database\MySQLi\Connection.php(327): mysqli->query('ALTER TABLE `ke...', 0)
#1 E:\Website\xampp-portable-windows-x64-8.2.0-0-VS16\xampp\htdocs\student\system\Database\BaseConnection.php(729): CodeIgniter\Database\MySQLi\Connection->execute('ALTER TABLE `ke...')
#2 E:\Website\xampp-portable-windows-x64-8.2.0-0-VS16\xampp\htdocs\student\system\Database\BaseConnection.php(646): CodeIgniter\Database\BaseConnection->simpleQuery('ALTER TABLE `ke...')
#3 E:\Website\xampp-portable-windows-x64-8.2.0-0-VS16\xampp\htdocs\student\system\Database\Forge.php(772): CodeIgniter\Database\BaseConnection->query('ALTER TABLE `ke...')
#4 E:\Website\xampp-portable-windows-x64-8.2.0-0-VS16\xampp\htdocs\student\app\Database\Migrations\2026-01-21-221300_AddPesanMotivasiToKelas.php(18): CodeIgniter\Database\Forge->addColumn('kelas', Array)
#5 E:\Website\xampp-portable-windows-x64-8.2.0-0-VS16\xampp\htdocs\student\system\Database\MigrationRunner.php(874): App\Database\Migrations\AddPesanMotivasiToKelas->up()
#6 E:\Website\xampp-portable-windows-x64-8.2.0-0-VS16\xampp\htdocs\student\system\Database\MigrationRunner.php(180): CodeIgniter\Database\MigrationRunner->migrate('up', Object(stdClass))
#7 E:\Website\xampp-portable-windows-x64-8.2.0-0-VS16\xampp\htdocs\student\system\Commands\Database\Migrate.php(85): CodeIgniter\Database\MigrationRunner->latest(NULL)
#8 E:\Website\xampp-portable-windows-x64-8.2.0-0-VS16\xampp\htdocs\student\system\CLI\Commands.php(74): CodeIgniter\Commands\Database\Migrate->run(Array)
#9 E:\Website\xampp-portable-windows-x64-8.2.0-0-VS16\xampp\htdocs\student\system\CLI\Console.php(47): CodeIgniter\CLI\Commands->run('migrate', Array)
#10 E:\Website\xampp-portable-windows-x64-8.2.0-0-VS16\xampp\htdocs\student\system\Boot.php(388): CodeIgniter\CLI\Console->run()
#11 E:\Website\xampp-portable-windows-x64-8.2.0-0-VS16\xampp\htdocs\student\system\Boot.php(133): CodeIgniter\Boot::runCommand(Object(CodeIgniter\CLI\Console))
#12 E:\Website\xampp-portable-windows-x64-8.2.0-0-VS16\xampp\htdocs\student\spark(87): CodeIgniter\Boot::bootSpark(Object(Config\Paths))
#13 {main}
DEBUG - 2026-01-21 15:14:30 --> Session: Class initialized using 'CodeIgniter\Session\Handlers\FileHandler' driver.
DEBUG - 2026-01-21 15:23:48 --> Session: Class initialized using 'CodeIgniter\Session\Handlers\FileHandler' driver.
DEBUG - 2026-01-21 15:43:20 --> Session: Class initialized using 'CodeIgniter\Session\Handlers\FileHandler' driver.
DEBUG - 2026-01-21 15:46:17 --> Session: Class initialized using 'CodeIgniter\Session\Handlers\FileHandler' driver.
DEBUG - 2026-01-21 15:46:21 --> Session: Class initialized using 'CodeIgniter\Session\Handlers\FileHandler' driver.
DEBUG - 2026-01-21 15:47:11 --> Session: Class initialized using 'CodeIgniter\Session\Handlers\FileHandler' driver.
DEBUG - 2026-01-21 15:47:11 --> Session: Class initialized using 'CodeIgniter\Session\Handlers\FileHandler' driver.
DEBUG - 2026-01-21 15:47:15 --> Session: Class initialized using 'CodeIgniter\Session\Handlers\FileHandler' driver.
DEBUG - 2026-01-21 15:47:15 --> Session: Class initialized using 'CodeIgniter\Session\Handlers\FileHandler' driver.
DEBUG - 2026-01-21 15:47:24 --> Session: Class initialized using 'CodeIgniter\Session\Handlers\FileHandler' driver.
DEBUG - 2026-01-21 15:47:29 --> Session: Class initialized using 'CodeIgniter\Session\Handlers\FileHandler' driver.
DEBUG - 2026-01-21 15:47:40 --> Session: Class initialized using 'CodeIgniter\Session\Handlers\FileHandler' driver.
